<?xml version="1.0" encoding="UTF-8"?>
<!-- Generated by org.testng.reporters.JUnitReportReporter -->
<testsuite hostname="DESKTOP-M7UI3Q0" failures="0" tests="4" name="Test.test" time="152.031" errors="0" timestamp="2023-05-30T14:25:37 IST" skipped="0">
  <testcase classname="Test.test" name="verifyText2" time="2.675"/>
  <system-out/>
  <testcase classname="Test.test" name="verifyText4" time="6.803"/>
  <system-out>
    <![CDATA[TC 3: Tittle page is Verified
TC 4: Entered data is Verified]]>
  </system-out>
  <testcase classname="Test.test" name="verifyText3" time="60.352"/>
  <system-out/>
  <testcase classname="Test.test" name="verifyText1" time="82.201"/>
  <system-out>
    <![CDATA[TC 1: 'You are booking for more than 30 days' Passes]]>
  </system-out>
</testsuite> <!-- Test.test -->
