<?xml version="1.0" encoding="UTF-8"?>
<!-- Generated by org.testng.reporters.JUnitReportReporter -->
<testsuite hostname="DESKTOP-M7UI3Q0" failures="0" tests="4" name="Test.test" time="154.723" errors="0" timestamp="2023-05-20T12:30:52 IST" skipped="0">
  <testcase classname="Test.test" name="verifyText3" time="80.043"/>
  <system-out/>
  <testcase classname="Test.test" name="verifyText1" time="67.667"/>
  <system-out/>
  <testcase classname="Test.test" name="verifyText4" time="5.786"/>
  <system-out/>
  <testcase classname="Test.test" name="verifyText2" time="1.227"/>
  <system-out/>
</testsuite> <!-- Test.test -->
